[debug] [2021-05-27T19:43:04.158Z] ----------------------------------------------------------------------
[debug] [2021-05-27T19:43:04.160Z] Command:       /usr/local/Cellar/node/16.2.0/bin/node /usr/local/bin/firebase init hosting
[debug] [2021-05-27T19:43:04.160Z] CLI Version:   9.12.0
[debug] [2021-05-27T19:43:04.160Z] Platform:      darwin
[debug] [2021-05-27T19:43:04.160Z] Node Version:  v16.2.0
[debug] [2021-05-27T19:43:04.178Z] Time:          Fri May 28 2021 01:13:04 GMT+0530 (India Standard Time)
[debug] [2021-05-27T19:43:04.178Z] ----------------------------------------------------------------------
[debug] 
[debug] [2021-05-27T19:43:04.183Z] > command requires scopes: ["email","openid","https://www.googleapis.com/auth/cloudplatformprojects.readonly","https://www.googleapis.com/auth/firebase","https://www.googleapis.com/auth/cloud-platform"]
[debug] [2021-05-27T19:43:04.183Z] > authorizing via signed-in user (vigneshbabu.venkatesh@gmail.com)
[info] 
     ######## #### ########  ######## ########     ###     ######  ########
     ##        ##  ##     ## ##       ##     ##  ##   ##  ##       ##
     ######    ##  ########  ######   ########  #########  ######  ######
     ##        ##  ##    ##  ##       ##     ## ##     ##       ## ##
     ##       #### ##     ## ######## ########  ##     ##  ######  ########

You're about to initialize a Firebase project in this directory:

  /Users/v0v00xg/Documents/github/P2P_Video_Call/P2P_Video_Call

[info] 
=== Project Setup
[info] 
[info] First, let's associate this project directory with a Firebase project.
[info] You can create multiple project aliases by running firebase use --add, 
[info] but for now we'll just set up a default project.
[info] 
[debug] [2021-05-27T19:43:18.230Z] >>> [apiv2][query] GET https://firebase.googleapis.com/v1beta1/projects pageSize=100
[debug] [2021-05-27T19:43:18.746Z] <<< [apiv2][status] GET https://firebase.googleapis.com/v1beta1/projects 200
[debug] [2021-05-27T19:43:18.747Z] <<< [apiv2][body] GET https://firebase.googleapis.com/v1beta1/projects [omitted]
[info] i  Using project firestore-webrtc-7c8a7 (firestore-webrtc) 
[info] 
=== Hosting Setup
[info] 
[info] Your public directory is the folder (relative to your project directory) that
[info] will contain Hosting assets to be uploaded with firebase deploy. If you
[info] have a build process for your assets, use your build's output directory.
[info] 
[debug] [2021-05-27T19:44:18.512Z] >>> [apiv2][query] GET https://www.gstatic.com/firebasejs/releases.json [none]
[debug] [2021-05-27T19:44:18.576Z] <<< [apiv2][status] GET https://www.gstatic.com/firebasejs/releases.json 200
[debug] [2021-05-27T19:44:18.576Z] <<< [apiv2][body] GET https://www.gstatic.com/firebasejs/releases.json {"current":{"version":"8.6.2","browserURL":"https://www.gstatic.com/firebasejs/8.6.2/firebase.js","packageURL":"https://www.gstatic.com/firebasejs/8.6.2/firebase.tgz"},"live":{"version":"8.6","browserURL":"https://www.gstatic.com/firebasejs/live/8.6/firebase.js","packageURL":"https://www.gstatic.com/firebasejs/live/8.6/firebase.tgz"},"components":{"analytics":"https://www.gstatic.com/firebasejs/8.6.2/firebase-analytics.js","app":"https://www.gstatic.com/firebasejs/8.6.2/firebase-app.js","app-check":"https://www.gstatic.com/firebasejs/8.6.2/firebase-app-check.js","auth":"https://www.gstatic.com/firebasejs/8.6.2/firebase-auth.js","database":"https://www.gstatic.com/firebasejs/8.6.2/firebase-database.js","firestore":"https://www.gstatic.com/firebasejs/8.6.2/firebase-firestore.js","functions":"https://www.gstatic.com/firebasejs/8.6.2/firebase-functions.js","installations":"https://www.gstatic.com/firebasejs/8.6.2/firebase-installations.js","messaging":"https://www.gstatic.com/firebasejs/8.6.2/firebase-messaging.js","storage":"https://www.gstatic.com/firebasejs/8.6.2/firebase-storage.js","performance":"https://www.gstatic.com/firebasejs/8.6.2/firebase-performance.js","remote-config":"https://www.gstatic.com/firebasejs/8.6.2/firebase-remote-config.js","firestore.memory":"https://www.gstatic.com/firebasejs/8.6.2/firebase-firestore.memory.js"}}
[info] ✔  Wrote public/index.html 
[info] 
[info] i  Detected a .git folder at /Users/v0v00xg/Documents/github/P2P_Video_Call 
[info] i  Authorizing with GitHub to upload your service account to a GitHub repository's secrets store. 
[info] 
[info] Visit this URL on this device to log in:
[info] https://github.com/login/oauth/authorize?client_id=89cf50f02ac6aaed3484&state=745743969&redirect_uri=http%3A%2F%2Flocalhost%3A9005&scope=read%3Auser%20repo%20public_repo
[info] 
[info] Waiting for authentication...
[debug] [2021-05-27T19:44:27.325Z] >>> HTTP REQUEST POST https://github.com/login/oauth/access_token  
 {"client_id":"89cf50f02ac6aaed3484","client_secret":"3330d14abc895d9a74d5f17cd7a00711fa2c5bf0","code":"d8f88ba9a39ec79687ce","redirect_uri":"http://localhost:9005","state":"745743969"}
[debug] [2021-05-27T19:44:27.758Z] <<< HTTP RESPONSE 200 {"server":"GitHub.com","date":"Thu, 27 May 2021 19:44:27 GMT","content-type":"application/json; charset=utf-8","transfer-encoding":"chunked","vary":"X-PJAX, Accept-Encoding, Accept, X-Requested-With","permissions-policy":"interest-cohort=()","etag":"W/\"32526493f77deebe92062768d44d7e96\"","cache-control":"max-age=0, private, must-revalidate","strict-transport-security":"max-age=31536000; includeSubdomains; preload","x-frame-options":"deny","x-content-type-options":"nosniff","x-xss-protection":"0","referrer-policy":"origin-when-cross-origin, strict-origin-when-cross-origin","expect-ct":"max-age=2592000, report-uri=\"https://api.github.com/_private/browser/errors\"","content-security-policy":"default-src 'none'; base-uri 'self'; block-all-mixed-content; connect-src 'self' uploads.github.com www.githubstatus.com collector.githubapp.com api.github.com github-cloud.s3.amazonaws.com github-production-repository-file-5c1aeb.s3.amazonaws.com github-production-upload-manifest-file-7fdce7.s3.amazonaws.com github-production-user-asset-6210df.s3.amazonaws.com html-translator.herokuapp.com cdn.optimizely.com logx.optimizely.com/v1/events wss://alive.github.com; font-src github.githubassets.com; form-action 'self' github.com gist.github.com; frame-ancestors 'none'; frame-src render.githubusercontent.com; img-src 'self' data: github.githubassets.com identicons.github.com collector.githubapp.com github-cloud.s3.amazonaws.com secured-user-images.githubusercontent.com/ *.githubusercontent.com; manifest-src 'self'; media-src 'none'; script-src github.githubassets.com; style-src 'unsafe-inline' github.githubassets.com; worker-src github.com/socket-worker-3f088aa2.js gist.github.com/socket-worker-3f088aa2.js","x-github-request-id":"F148:051B:50CE7:637B0:60AFF69B"}
[debug] [2021-05-27T19:44:27.762Z] >>> [apiv2][query] GET https://api.github.com/user [none]
[debug] [2021-05-27T19:44:28.127Z] <<< [apiv2][status] GET https://api.github.com/user 200
[debug] [2021-05-27T19:44:28.127Z] <<< [apiv2][body] GET https://api.github.com/user {"login":"vigneshvicky1994","id":22287882,"node_id":"MDQ6VXNlcjIyMjg3ODgy","avatar_url":"https://avatars.githubusercontent.com/u/22287882?v=4","gravatar_id":"","url":"https://api.github.com/users/vigneshvicky1994","html_url":"https://github.com/vigneshvicky1994","followers_url":"https://api.github.com/users/vigneshvicky1994/followers","following_url":"https://api.github.com/users/vigneshvicky1994/following{/other_user}","gists_url":"https://api.github.com/users/vigneshvicky1994/gists{/gist_id}","starred_url":"https://api.github.com/users/vigneshvicky1994/starred{/owner}{/repo}","subscriptions_url":"https://api.github.com/users/vigneshvicky1994/subscriptions","organizations_url":"https://api.github.com/users/vigneshvicky1994/orgs","repos_url":"https://api.github.com/users/vigneshvicky1994/repos","events_url":"https://api.github.com/users/vigneshvicky1994/events{/privacy}","received_events_url":"https://api.github.com/users/vigneshvicky1994/received_events","type":"User","site_admin":false,"name":"Vigneshbabu Venkatesh","company":"samsung","blog":"","location":"Bangalore","email":"vigneshbabu.venkatesh@gmail.com","hireable":null,"bio":"It's not about destination............. its about journey.","twitter_username":null,"public_repos":12,"public_gists":0,"followers":0,"following":1,"created_at":"2016-09-19T06:19:24Z","updated_at":"2021-05-27T19:44:26Z","private_gists":2,"total_private_repos":0,"owned_private_repos":0,"disk_usage":67564,"collaborators":0,"two_factor_authentication":true,"plan":{"name":"free","space":976562499,"collaborators":0,"private_repos":10000}}
[info] 
[info] ✔  Success! Logged into GitHub as vigneshvicky1994 
[info] 
[debug] [2021-05-27T19:44:50.575Z] >>> [apiv2][query] GET https://api.github.com/repos/P2P_VIDEO_CALL/actions/secrets/public-key type=owner
[debug] [2021-05-27T19:44:50.994Z] <<< [apiv2][status] GET https://api.github.com/repos/P2P_VIDEO_CALL/actions/secrets/public-key 404
[debug] [2021-05-27T19:44:50.994Z] <<< [apiv2][body] GET https://api.github.com/repos/P2P_VIDEO_CALL/actions/secrets/public-key {"message":"Not Found","documentation_url":"https://docs.github.com/rest"}
[debug] [2021-05-27T19:45:26.430Z] >>> [apiv2][query] GET https://api.github.com/repos/P2P_Video_Call/actions/secrets/public-key type=owner
[debug] [2021-05-27T19:45:26.834Z] <<< [apiv2][status] GET https://api.github.com/repos/P2P_Video_Call/actions/secrets/public-key 404
[debug] [2021-05-27T19:45:26.834Z] <<< [apiv2][body] GET https://api.github.com/repos/P2P_Video_Call/actions/secrets/public-key {"message":"Not Found","documentation_url":"https://docs.github.com/rest"}
[debug] [2021-05-27T19:45:39.222Z] >>> [apiv2][query] GET https://api.github.com/repos/P2P_Video_Call/actions/secrets/public-key type=owner
[debug] [2021-05-27T19:45:39.543Z] <<< [apiv2][status] GET https://api.github.com/repos/P2P_Video_Call/actions/secrets/public-key 404
[debug] [2021-05-27T19:45:39.543Z] <<< [apiv2][body] GET https://api.github.com/repos/P2P_Video_Call/actions/secrets/public-key {"message":"Not Found","documentation_url":"https://docs.github.com/rest"}
[debug] [2021-05-27T19:45:43.971Z] >>> [apiv2][query] GET https://api.github.com/repos//actions/secrets/public-key type=owner
[debug] [2021-05-27T19:45:44.284Z] <<< [apiv2][status] GET https://api.github.com/repos//actions/secrets/public-key 404
[debug] [2021-05-27T19:45:44.284Z] <<< [apiv2][body] GET https://api.github.com/repos//actions/secrets/public-key {"message":"Not Found","documentation_url":"https://docs.github.com/rest"}
